Determining if the pthread_create exist failed with the following output:
Change Dir: /home/test/Documents/openMVG_Build/CMakeFiles/CMakeTmp

Run Build Command:"/usr/bin/make" "cmTC_7069d/fast"
/usr/bin/make -f CMakeFiles/cmTC_7069d.dir/build.make CMakeFiles/cmTC_7069d.dir/build
make[1]: Entering directory '/home/test/Documents/openMVG_Build/CMakeFiles/CMakeTmp'
Building C object CMakeFiles/cmTC_7069d.dir/CheckSymbolExists.c.o
/usr/bin/cc    -march=haswell -msse2 -msse3 -mssse3 -msse4.1 -msse4.2 -mavx -mfma -mbmi2 -mavx2 -mno-sse4a -mno-xop -mno-fma4 -mno-avx512f -mno-avx512vl -mno-avx512pf -mno-avx512er -mno-avx512cd -mno-avx512dq -mno-avx512bw -mno-avx512ifma -mno-avx512vbmi    -o CMakeFiles/cmTC_7069d.dir/CheckSymbolExists.c.o   -c /home/test/Documents/openMVG_Build/CMakeFiles/CMakeTmp/CheckSymbolExists.c
Linking C executable cmTC_7069d
/usr/bin/cmake -E cmake_link_script CMakeFiles/cmTC_7069d.dir/link.txt --verbose=1
/usr/bin/cc   -march=haswell -msse2 -msse3 -mssse3 -msse4.1 -msse4.2 -mavx -mfma -mbmi2 -mavx2 -mno-sse4a -mno-xop -mno-fma4 -mno-avx512f -mno-avx512vl -mno-avx512pf -mno-avx512er -mno-avx512cd -mno-avx512dq -mno-avx512bw -mno-avx512ifma -mno-avx512vbmi     CMakeFiles/cmTC_7069d.dir/CheckSymbolExists.c.o  -o cmTC_7069d -rdynamic 
CMakeFiles/cmTC_7069d.dir/CheckSymbolExists.c.o: In function `main':
CheckSymbolExists.c:(.text+0xa): undefined reference to `pthread_create'
collect2: error: ld returned 1 exit status
CMakeFiles/cmTC_7069d.dir/build.make:97: recipe for target 'cmTC_7069d' failed
make[1]: *** [cmTC_7069d] Error 1
make[1]: Leaving directory '/home/test/Documents/openMVG_Build/CMakeFiles/CMakeTmp'
Makefile:126: recipe for target 'cmTC_7069d/fast' failed
make: *** [cmTC_7069d/fast] Error 2

File /home/test/Documents/openMVG_Build/CMakeFiles/CMakeTmp/CheckSymbolExists.c:
/* */
#include <pthread.h>

int main(int argc, char** argv)
{
  (void)argv;
#ifndef pthread_create
  return ((int*)(&pthread_create))[argc];
#else
  (void)argc;
  return 0;
#endif
}

Determining if the function pthread_create exists in the pthreads failed with the following output:
Change Dir: /home/test/Documents/openMVG_Build/CMakeFiles/CMakeTmp

Run Build Command:"/usr/bin/make" "cmTC_6a75d/fast"
/usr/bin/make -f CMakeFiles/cmTC_6a75d.dir/build.make CMakeFiles/cmTC_6a75d.dir/build
make[1]: Entering directory '/home/test/Documents/openMVG_Build/CMakeFiles/CMakeTmp'
Building C object CMakeFiles/cmTC_6a75d.dir/CheckFunctionExists.c.o
/usr/bin/cc    -march=haswell -msse2 -msse3 -mssse3 -msse4.1 -msse4.2 -mavx -mfma -mbmi2 -mavx2 -mno-sse4a -mno-xop -mno-fma4 -mno-avx512f -mno-avx512vl -mno-avx512pf -mno-avx512er -mno-avx512cd -mno-avx512dq -mno-avx512bw -mno-avx512ifma -mno-avx512vbmi -DCHECK_FUNCTION_EXISTS=pthread_create   -o CMakeFiles/cmTC_6a75d.dir/CheckFunctionExists.c.o   -c /usr/share/cmake-3.5/Modules/CheckFunctionExists.c
Linking C executable cmTC_6a75d
/usr/bin/cmake -E cmake_link_script CMakeFiles/cmTC_6a75d.dir/link.txt --verbose=1
/usr/bin/cc   -march=haswell -msse2 -msse3 -mssse3 -msse4.1 -msse4.2 -mavx -mfma -mbmi2 -mavx2 -mno-sse4a -mno-xop -mno-fma4 -mno-avx512f -mno-avx512vl -mno-avx512pf -mno-avx512er -mno-avx512cd -mno-avx512dq -mno-avx512bw -mno-avx512ifma -mno-avx512vbmi -DCHECK_FUNCTION_EXISTS=pthread_create    CMakeFiles/cmTC_6a75d.dir/CheckFunctionExists.c.o  -o cmTC_6a75d -rdynamic -lpthreads 
/usr/bin/ld: cannot find -lpthreads
collect2: error: ld returned 1 exit status
CMakeFiles/cmTC_6a75d.dir/build.make:97: recipe for target 'cmTC_6a75d' failed
make[1]: *** [cmTC_6a75d] Error 1
make[1]: Leaving directory '/home/test/Documents/openMVG_Build/CMakeFiles/CMakeTmp'
Makefile:126: recipe for target 'cmTC_6a75d/fast' failed
make: *** [cmTC_6a75d/fast] Error 2


Determining if the include file unordered_map exists failed with the following output:
Change Dir: /home/test/Documents/openMVG_Build/CMakeFiles/CMakeTmp

Run Build Command:"/usr/bin/make" "cmTC_57e3c/fast"
/usr/bin/make -f CMakeFiles/cmTC_57e3c.dir/build.make CMakeFiles/cmTC_57e3c.dir/build
make[1]: Entering directory '/home/test/Documents/openMVG_Build/CMakeFiles/CMakeTmp'
Building CXX object CMakeFiles/cmTC_57e3c.dir/CheckIncludeFile.cxx.o
/usr/bin/c++     -march=haswell -msse2 -msse3 -mssse3 -msse4.1 -msse4.2 -mavx -mfma -mbmi2 -mavx2 -mno-sse4a -mno-xop -mno-fma4 -mno-avx512f -mno-avx512vl -mno-avx512pf -mno-avx512er -mno-avx512cd -mno-avx512dq -mno-avx512bw -mno-avx512ifma -mno-avx512vbmi -fopenmp -fPIC -fopenmp    -o CMakeFiles/cmTC_57e3c.dir/CheckIncludeFile.cxx.o -c /home/test/Documents/openMVG_Build/CMakeFiles/CMakeTmp/CheckIncludeFile.cxx
In file included from /usr/include/c++/5/unordered_map:35:0,
                 from /home/test/Documents/openMVG_Build/CMakeFiles/CMakeTmp/CheckIncludeFile.cxx:1:
/usr/include/c++/5/bits/c++0x_warning.h:32:2: error: #error This file requires compiler and library support for the ISO C++ 2011 standard. This support must be enabled with the -std=c++11 or -std=gnu++11 compiler options.
 #error This file requires compiler and library support \
  ^
CMakeFiles/cmTC_57e3c.dir/build.make:65: recipe for target 'CMakeFiles/cmTC_57e3c.dir/CheckIncludeFile.cxx.o' failed
make[1]: *** [CMakeFiles/cmTC_57e3c.dir/CheckIncludeFile.cxx.o] Error 1
make[1]: Leaving directory '/home/test/Documents/openMVG_Build/CMakeFiles/CMakeTmp'
Makefile:126: recipe for target 'cmTC_57e3c/fast' failed
make: *** [cmTC_57e3c/fast] Error 2


Performing C++ SOURCE FILE Test HAVE_SHARED_PTR_IN_STD_NAMESPACE failed with the following output:
Change Dir: /home/test/Documents/openMVG_Build/CMakeFiles/CMakeTmp

Run Build Command:"/usr/bin/make" "cmTC_334e1/fast"
/usr/bin/make -f CMakeFiles/cmTC_334e1.dir/build.make CMakeFiles/cmTC_334e1.dir/build
make[1]: Entering directory '/home/test/Documents/openMVG_Build/CMakeFiles/CMakeTmp'
Building CXX object CMakeFiles/cmTC_334e1.dir/src.cxx.o
/usr/bin/c++     -march=haswell -msse2 -msse3 -mssse3 -msse4.1 -msse4.2 -mavx -mfma -mbmi2 -mavx2 -mno-sse4a -mno-xop -mno-fma4 -mno-avx512f -mno-avx512vl -mno-avx512pf -mno-avx512er -mno-avx512cd -mno-avx512dq -mno-avx512bw -mno-avx512ifma -mno-avx512vbmi -fopenmp -fPIC -fopenmp -DHAVE_SHARED_PTR_IN_STD_NAMESPACE   -o CMakeFiles/cmTC_334e1.dir/src.cxx.o -c /home/test/Documents/openMVG_Build/CMakeFiles/CMakeTmp/src.cxx
/home/test/Documents/openMVG_Build/CMakeFiles/CMakeTmp/src.cxx: In function ‘int main()’:
/home/test/Documents/openMVG_Build/CMakeFiles/CMakeTmp/src.cxx:3:34: error: ‘shared_ptr’ is not a member of ‘std’
                                  std::shared_ptr<int> int_ptr;
                                  ^
/home/test/Documents/openMVG_Build/CMakeFiles/CMakeTmp/src.cxx:3:50: error: expected primary-expression before ‘int’
                                  std::shared_ptr<int> int_ptr;
                                                  ^
CMakeFiles/cmTC_334e1.dir/build.make:65: recipe for target 'CMakeFiles/cmTC_334e1.dir/src.cxx.o' failed
make[1]: *** [CMakeFiles/cmTC_334e1.dir/src.cxx.o] Error 1
make[1]: Leaving directory '/home/test/Documents/openMVG_Build/CMakeFiles/CMakeTmp'
Makefile:126: recipe for target 'cmTC_334e1/fast' failed
make: *** [cmTC_334e1/fast] Error 2

Source file was:
#include <memory>
                               int main() {
                                 std::shared_ptr<int> int_ptr;
                                 return 0;
                               }
Performing C++ SOURCE FILE Test HAVE_SHARED_PTR_IN_TR1_NAMESPACE failed with the following output:
Change Dir: /home/test/Documents/openMVG_Build/CMakeFiles/CMakeTmp

Run Build Command:"/usr/bin/make" "cmTC_e3a9a/fast"
/usr/bin/make -f CMakeFiles/cmTC_e3a9a.dir/build.make CMakeFiles/cmTC_e3a9a.dir/build
make[1]: Entering directory '/home/test/Documents/openMVG_Build/CMakeFiles/CMakeTmp'
Building CXX object CMakeFiles/cmTC_e3a9a.dir/src.cxx.o
/usr/bin/c++     -march=haswell -msse2 -msse3 -mssse3 -msse4.1 -msse4.2 -mavx -mfma -mbmi2 -mavx2 -mno-sse4a -mno-xop -mno-fma4 -mno-avx512f -mno-avx512vl -mno-avx512pf -mno-avx512er -mno-avx512cd -mno-avx512dq -mno-avx512bw -mno-avx512ifma -mno-avx512vbmi -fopenmp -fPIC -fopenmp -DHAVE_SHARED_PTR_IN_TR1_NAMESPACE   -o CMakeFiles/cmTC_e3a9a.dir/src.cxx.o -c /home/test/Documents/openMVG_Build/CMakeFiles/CMakeTmp/src.cxx
/home/test/Documents/openMVG_Build/CMakeFiles/CMakeTmp/src.cxx: In function ‘int main()’:
/home/test/Documents/openMVG_Build/CMakeFiles/CMakeTmp/src.cxx:3:41: error: ‘std::tr1’ has not been declared
                                    std::tr1::shared_ptr<int> int_ptr;
                                         ^
/home/test/Documents/openMVG_Build/CMakeFiles/CMakeTmp/src.cxx:3:57: error: expected primary-expression before ‘int’
                                    std::tr1::shared_ptr<int> int_ptr;
                                                         ^
CMakeFiles/cmTC_e3a9a.dir/build.make:65: recipe for target 'CMakeFiles/cmTC_e3a9a.dir/src.cxx.o' failed
make[1]: *** [CMakeFiles/cmTC_e3a9a.dir/src.cxx.o] Error 1
make[1]: Leaving directory '/home/test/Documents/openMVG_Build/CMakeFiles/CMakeTmp'
Makefile:126: recipe for target 'cmTC_e3a9a/fast' failed
make: *** [cmTC_e3a9a/fast] Error 2

Source file was:
#include <memory>
                                 int main() {
                                   std::tr1::shared_ptr<int> int_ptr;
                                   return 0;
                                 }
